sample.interval=20000
"scan" "read.table" 
"scan" "read.table" 
"scan" "read.table" 
"scan" "read.table" 
"scan" "read.table" 
"scan" "read.table" 
"scan" "read.table" 
"scan" "read.table" 
"scan" "read.table" 
"scan" "read.table" 
"scan" "read.table" 
"scan" "read.table" 
"scan" "read.table" 
"scan" "read.table" 
"scan" "read.table" 
"scan" "read.table" 
"scan" "read.table" 
"scan" "read.table" 
"scan" "read.table" 
"scan" "read.table" 
"scan" "read.table" 
"scan" "read.table" 
".External2" "type.convert.default" "type.convert" "read.table" 
".External2" "type.convert.default" "type.convert" "read.table" 
".External2" "type.convert.default" "type.convert" "read.table" 
".External2" "type.convert.default" "type.convert" "read.table" 
".External2" "type.convert.default" "type.convert" "read.table" 
".External2" "type.convert.default" "type.convert" "read.table" 
".External2" "type.convert.default" "type.convert" "read.table" 
".External2" "type.convert.default" "type.convert" "read.table" 
".External2" "type.convert.default" "type.convert" "read.table" 
".External2" "type.convert.default" "type.convert" "read.table" 
".External2" "type.convert.default" "type.convert" "read.table" 
".External2" "type.convert.default" "type.convert" "read.table" 
".External2" "type.convert.default" "type.convert" "read.table" 
".External2" "type.convert.default" "type.convert" "read.table" 
".External2" "type.convert.default" "type.convert" "read.table" 
".External2" "type.convert.default" "type.convert" "read.table" 
".External2" "type.convert.default" "type.convert" "read.table" 
".External2" "type.convert.default" "type.convert" "read.table" 
".External2" "type.convert.default" "type.convert" "read.table" 
".External2" "type.convert.default" "type.convert" "read.table" 
".External2" "type.convert.default" "type.convert" "read.table" 
".External2" "type.convert.default" "type.convert" "read.table" 
".External2" "type.convert.default" "type.convert" "read.table" 
".External2" "type.convert.default" "type.convert" "read.table" 
".External2" "type.convert.default" "type.convert" "read.table" 
".External2" "type.convert.default" "type.convert" "read.table" 
".External2" "type.convert.default" "type.convert" "read.table" 
".External2" "type.convert.default" "type.convert" "read.table" 
".External2" "type.convert.default" "type.convert" "read.table" 
".External2" "type.convert.default" "type.convert" "read.table" 
".External2" "type.convert.default" "type.convert" "read.table" 
".External2" "type.convert.default" "type.convert" "read.table" 
".External2" "type.convert.default" "type.convert" "read.table" 
".External2" "type.convert.default" "type.convert" "read.table" 
".External2" "type.convert.default" "type.convert" "read.table" 
".External2" "type.convert.default" "type.convert" "read.table" 
".External2" "type.convert.default" "type.convert" "read.table" 
".External2" "type.convert.default" "type.convert" "read.table" 
".External2" "type.convert.default" "type.convert" "read.table" 
".External2" "type.convert.default" "type.convert" "read.table" 
".External2" "type.convert.default" "type.convert" "read.table" 
".External2" "type.convert.default" "type.convert" "read.table" 
".External2" "type.convert.default" "type.convert" "read.table" 
".External2" "type.convert.default" "type.convert" "read.table" 
".External2" "type.convert.default" "type.convert" "read.table" 
".External2" "type.convert.default" "type.convert" "read.table" 
".External2" "type.convert.default" "type.convert" "read.table" 
".External2" "type.convert.default" "type.convert" "read.table" 
".External2" "type.convert.default" "type.convert" "read.table" 
".External2" "type.convert.default" "type.convert" "read.table" 
".External2" "type.convert.default" "type.convert" "read.table" 
".External2" "type.convert.default" "type.convert" "read.table" 
".External2" "type.convert.default" "type.convert" "read.table" 
".External2" "type.convert.default" "type.convert" "read.table" 
".External2" "type.convert.default" "type.convert" "read.table" 
".External2" "type.convert.default" "type.convert" "read.table" 
".External2" "type.convert.default" "type.convert" "read.table" 
".External2" "type.convert.default" "type.convert" "read.table" 
".External2" "type.convert.default" "type.convert" "read.table" 
".External2" "type.convert.default" "type.convert" "read.table" 
".External2" "type.convert.default" "type.convert" "read.table" 
".External2" "type.convert.default" "type.convert" "read.table" 
".External2" "type.convert.default" "type.convert" "read.table" 
".External2" "type.convert.default" "type.convert" "read.table" 
".External2" "type.convert.default" "type.convert" "read.table" 
".External2" "type.convert.default" "type.convert" "read.table" 
".External2" "type.convert.default" "type.convert" "read.table" 
".External2" "type.convert.default" "type.convert" "read.table" 
".External2" "type.convert.default" "type.convert" "read.table" 
".External2" "type.convert.default" "type.convert" "read.table" 
".External2" "type.convert.default" "type.convert" "read.table" 
".External2" "type.convert.default" "type.convert" "read.table" 
".External2" "type.convert.default" "type.convert" "read.table" 
".External2" "type.convert.default" "type.convert" "read.table" 
".External2" "type.convert.default" "type.convert" "read.table" 
".External2" "type.convert.default" "type.convert" "read.table" 
".External2" "type.convert.default" "type.convert" "read.table" 
".External2" "type.convert.default" "type.convert" "read.table" 
".External2" "type.convert.default" "type.convert" "read.table" 
".External2" "type.convert.default" "type.convert" "read.table" 
".External2" "type.convert.default" "type.convert" "read.table" 
".External2" "type.convert.default" "type.convert" "read.table" 
".External2" "type.convert.default" "type.convert" "read.table" 
".External2" "type.convert.default" "type.convert" "read.table" 
".External2" "type.convert.default" "type.convert" "read.table" 
".External2" "type.convert.default" "type.convert" "read.table" 
".External2" "type.convert.default" "type.convert" "read.table" 
".External2" "type.convert.default" "type.convert" "read.table" 
".External2" "type.convert.default" "type.convert" "read.table" 
".External2" "type.convert.default" "type.convert" "read.table" 
".External2" "type.convert.default" "type.convert" "read.table" 
".External2" "type.convert.default" "type.convert" "read.table" 
".External2" "type.convert.default" "type.convert" "read.table" 
".External2" "type.convert.default" "type.convert" "read.table" 
".External2" "type.convert.default" "type.convert" "read.table" 
".External2" "type.convert.default" "type.convert" "read.table" 
".External2" "type.convert.default" "type.convert" "read.table" 
".External2" "type.convert.default" "type.convert" "read.table" 
".External2" "type.convert.default" "type.convert" "read.table" 
".External2" "type.convert.default" "type.convert" "read.table" 
".External2" "type.convert.default" "type.convert" "read.table" 
".External2" "type.convert.default" "type.convert" "read.table" 
".External2" "type.convert.default" "type.convert" "read.table" 
".External2" "type.convert.default" "type.convert" "read.table" 
".External2" "type.convert.default" "type.convert" "read.table" 
".External2" "type.convert.default" "type.convert" "read.table" 
".External2" "type.convert.default" "type.convert" "read.table" 
".External2" "type.convert.default" "type.convert" "read.table" 
".External2" "type.convert.default" "type.convert" "read.table" 
".External2" "type.convert.default" "type.convert" "read.table" 
".External2" "type.convert.default" "type.convert" "read.table" 
".External2" "type.convert.default" "type.convert" "read.table" 
".External2" "type.convert.default" "type.convert" "read.table" 
".External2" "type.convert.default" "type.convert" "read.table" 
".External2" "type.convert.default" "type.convert" "read.table" 
".External2" "type.convert.default" "type.convert" "read.table" 
".External2" "type.convert.default" "type.convert" "read.table" 
".External2" "type.convert.default" "type.convert" "read.table" 
".External2" "type.convert.default" "type.convert" "read.table" 
".External2" "type.convert.default" "type.convert" "read.table" 
".External2" "type.convert.default" "type.convert" "read.table" 
".External2" "type.convert.default" "type.convert" "read.table" 
".External2" "type.convert.default" "type.convert" "read.table" 
".External2" "type.convert.default" "type.convert" "read.table" 
".External2" "type.convert.default" "type.convert" "read.table" 
".External2" "type.convert.default" "type.convert" "read.table" 
".External2" "type.convert.default" "type.convert" "read.table" 
".External2" "type.convert.default" "type.convert" "read.table" 
".External2" "type.convert.default" "type.convert" "read.table" 
".External2" "type.convert.default" "type.convert" "read.table" 
".External2" "type.convert.default" "type.convert" "read.table" 
".External2" "type.convert.default" "type.convert" "read.table" 
".External2" "type.convert.default" "type.convert" "read.table" 
".External2" "type.convert.default" "type.convert" "read.table" 
".External2" "type.convert.default" "type.convert" "read.table" 
".External2" "type.convert.default" "type.convert" "read.table" 
".External2" "type.convert.default" "type.convert" "read.table" 
".External2" "type.convert.default" "type.convert" "read.table" 
".External2" "type.convert.default" "type.convert" "read.table" 
".External2" "type.convert.default" "type.convert" "read.table" 
".External2" "type.convert.default" "type.convert" "read.table" 
".External2" "type.convert.default" "type.convert" "read.table" 
".External2" "type.convert.default" "type.convert" "read.table" 
".External2" "type.convert.default" "type.convert" "read.table" 
".External2" "type.convert.default" "type.convert" "read.table" 
".External2" "type.convert.default" "type.convert" "read.table" 
".External2" "type.convert.default" "type.convert" "read.table" 
".External2" "type.convert.default" "type.convert" "read.table" 
".External2" "type.convert.default" "type.convert" "read.table" 
".External2" "type.convert.default" "type.convert" "read.table" 
".External2" "type.convert.default" "type.convert" "read.table" 
".External2" "type.convert.default" "type.convert" "read.table" 
".External2" "type.convert.default" "type.convert" "read.table" 
".External2" "type.convert.default" "type.convert" "read.table" 
".External2" "type.convert.default" "type.convert" "read.table" 
".External2" "type.convert.default" "type.convert" "read.table" 
".External2" "type.convert.default" "type.convert" "read.table" 
".External2" "type.convert.default" "type.convert" "read.table" 
".External2" "type.convert.default" "type.convert" "read.table" 
".External2" "type.convert.default" "type.convert" "read.table" 
".External2" "type.convert.default" "type.convert" "read.table" 
".External2" "type.convert.default" "type.convert" "read.table" 
".External2" "type.convert.default" "type.convert" "read.table" 
".External2" "type.convert.default" "type.convert" "read.table" 
".External2" "type.convert.default" "type.convert" "read.table" 
".External2" "type.convert.default" "type.convert" "read.table" 
".External2" "type.convert.default" "type.convert" "read.table" 
".External2" "type.convert.default" "type.convert" "read.table" 
".External2" "type.convert.default" "type.convert" "read.table" 
".External2" "type.convert.default" "type.convert" "read.table" 
".External2" "type.convert.default" "type.convert" "read.table" 
".External2" "type.convert.default" "type.convert" "read.table" 
".External2" "type.convert.default" "type.convert" "read.table" 
".External2" "type.convert.default" "type.convert" "read.table" 
".External2" "type.convert.default" "type.convert" "read.table" 
".External2" "type.convert.default" "type.convert" "read.table" 
".External2" "type.convert.default" "type.convert" "read.table" 
".External2" "type.convert.default" "type.convert" "read.table" 
".External2" "type.convert.default" "type.convert" "read.table" 
".External2" "type.convert.default" "type.convert" "read.table" 
".External2" "type.convert.default" "type.convert" "read.table" 
".External2" "type.convert.default" "type.convert" "read.table" 
".External2" "type.convert.default" "type.convert" "read.table" 
".External2" "type.convert.default" "type.convert" "read.table" 
".External2" "type.convert.default" "type.convert" "read.table" 
".External2" "type.convert.default" "type.convert" "read.table" 
".External2" "type.convert.default" "type.convert" "read.table" 
".External2" "type.convert.default" "type.convert" "read.table" 
".External2" "type.convert.default" "type.convert" "read.table" 
".External2" "type.convert.default" "type.convert" "read.table" 
".External2" "type.convert.default" "type.convert" "read.table" 
".External2" "type.convert.default" "type.convert" "read.table" 
".External2" "type.convert.default" "type.convert" "read.table" 
".External2" "type.convert.default" "type.convert" "read.table" 
".External2" "type.convert.default" "type.convert" "read.table" 
".External2" "type.convert.default" "type.convert" "read.table" 
".External2" "type.convert.default" "type.convert" "read.table" 
".External2" "type.convert.default" "type.convert" "read.table" 
".External2" "type.convert.default" "type.convert" "read.table" 
".External2" "type.convert.default" "type.convert" "read.table" 
".External2" "type.convert.default" "type.convert" "read.table" 
".External2" "type.convert.default" "type.convert" "read.table" 
".External2" "type.convert.default" "type.convert" "read.table" 
".External2" "type.convert.default" "type.convert" "read.table" 
".External2" "type.convert.default" "type.convert" "read.table" 
".External2" "type.convert.default" "type.convert" "read.table" 
".External2" "type.convert.default" "type.convert" "read.table" 
".External2" "type.convert.default" "type.convert" "read.table" 
".External2" "type.convert.default" "type.convert" "read.table" 
".External2" "type.convert.default" "type.convert" "read.table" 
".External2" "type.convert.default" "type.convert" "read.table" 
".External2" "type.convert.default" "type.convert" "read.table" 
".External2" "type.convert.default" "type.convert" "read.table" 
".External2" "type.convert.default" "type.convert" "read.table" 
".External2" "type.convert.default" "type.convert" "read.table" 
".External2" "type.convert.default" "type.convert" "read.table" 
".External2" "type.convert.default" "type.convert" "read.table" 
".External2" "type.convert.default" "type.convert" "read.table" 
".External2" "type.convert.default" "type.convert" "read.table" 
".External2" "type.convert.default" "type.convert" "read.table" 
".External2" "type.convert.default" "type.convert" "read.table" 
".External2" "type.convert.default" "type.convert" "read.table" 
".External2" "type.convert.default" "type.convert" "read.table" 
".External2" "type.convert.default" "type.convert" "read.table" 
".External2" "type.convert.default" "type.convert" "read.table" 
".External2" "type.convert.default" "type.convert" "read.table" 
".External2" "type.convert.default" "type.convert" "read.table" 
".External2" "type.convert.default" "type.convert" "read.table" 
".External2" "type.convert.default" "type.convert" "read.table" 
".External2" "type.convert.default" "type.convert" "read.table" 
".External2" "type.convert.default" "type.convert" "read.table" 
".External2" "type.convert.default" "type.convert" "read.table" 
".External2" "type.convert.default" "type.convert" "read.table" 
".External2" "type.convert.default" "type.convert" "read.table" 
".External2" "type.convert.default" "type.convert" "read.table" 
".External2" "type.convert.default" "type.convert" "read.table" 
".External2" "type.convert.default" "type.convert" "read.table" 
".External2" "type.convert.default" "type.convert" "read.table" 
".External2" "type.convert.default" "type.convert" "read.table" 
".External2" "type.convert.default" "type.convert" "read.table" 
".External2" "type.convert.default" "type.convert" "read.table" 
".External2" "type.convert.default" "type.convert" "read.table" 
".External2" "type.convert.default" "type.convert" "read.table" 
".External2" "type.convert.default" "type.convert" "read.table" 
".External2" "type.convert.default" "type.convert" "read.table" 
".External2" "type.convert.default" "type.convert" "read.table" 
".External2" "type.convert.default" "type.convert" "read.table" 
".External2" "type.convert.default" "type.convert" "read.table" 
".External2" "type.convert.default" "type.convert" "read.table" 
"anyDuplicated.default" "anyDuplicated" "read.table" 
"paste0" "make_docvars" "corpus.character" "corpus" 
"paste0" "make_docvars" "corpus.character" "corpus" 
"paste0" "make_docvars" "corpus.character" "corpus" 
"paste0" "make_docvars" "corpus.character" "corpus" 
"paste0" "make_docvars" "corpus.character" "corpus" 
"paste0" "make_docvars" "corpus.character" "corpus" 
"paste0" "make_docvars" "corpus.character" "corpus" 
"paste0" "make_docvars" "corpus.character" "corpus" 
"paste0" "make_docvars" "corpus.character" "corpus" 
"factor" "data.frame" "make_docvars" "corpus.character" "corpus" 
"factor" "data.frame" "make_docvars" "corpus.character" "corpus" 
"stri_trans_nfc" "corpus.character" "corpus" 
"stri_trans_nfc" "corpus.character" "corpus" 
"stri_trans_nfc" "corpus.character" "corpus" 
"stri_trans_nfc" "corpus.character" "corpus" 
"stri_trans_nfc" "corpus.character" "corpus" 
"stri_trans_nfc" "corpus.character" "corpus" 
"stri_trans_nfc" "corpus.character" "corpus" 
"stri_trans_nfc" "corpus.character" "corpus" 
"stri_trans_nfc" "corpus.character" "corpus" 
"stri_trans_nfc" "corpus.character" "corpus" 
"stri_trans_nfc" "corpus.character" "corpus" 
"stri_trans_nfc" "corpus.character" "corpus" 
"stri_trans_nfc" "corpus.character" "corpus" 
"stri_trans_nfc" "corpus.character" "corpus" 
"stri_replace_all_fixed" "corpus.character" "corpus" 
"stri_replace_all_fixed" "corpus.character" "corpus" 
"stri_replace_all_fixed" "corpus.character" "corpus" 
"stri_replace_all_fixed" "corpus.character" "corpus" 
"stri_replace_all_fixed" "corpus.character" "corpus" 
"stri_replace_all_fixed" "corpus.character" "corpus" 
"stri_replace_all_fixed" "corpus.character" "corpus" 
"stri_replace_all_fixed" "corpus.character" "corpus" 
"stri_replace_all_fixed" "corpus.character" "corpus" 
"stri_replace_all_fixed" "corpus.character" "corpus" 
"stri_replace_all_fixed" "corpus.character" "corpus" 
"stri_replace_all_fixed" "corpus.character" "corpus" 
"stri_replace_all_fixed" "corpus.character" "corpus" 
"stri_replace_all_fixed" "corpus.character" "corpus" 
"stri_replace_all_fixed" "corpus.character" "corpus" 
"stri_replace_all_fixed" "corpus.character" "corpus" 
"stri_replace_all_regex" "corpus.character" "corpus" 
"stri_replace_all_regex" "corpus.character" "corpus" 
"stri_replace_all_regex" "corpus.character" "corpus" 
"stri_replace_all_regex" "corpus.character" "corpus" 
"stri_replace_all_regex" "corpus.character" "corpus" 
"stri_replace_all_regex" "corpus.character" "corpus" 
"stri_replace_all_regex" "corpus.character" "corpus" 
"stri_replace_all_regex" "corpus.character" "corpus" 
"stri_replace_all_regex" "corpus.character" "corpus" 
"stri_replace_all_regex" "corpus.character" "corpus" 
"stri_replace_all_regex" "corpus.character" "corpus" 
"stri_replace_all_regex" "corpus.character" "corpus" 
"stri_replace_all_regex" "corpus.character" "corpus" 
"stri_replace_all_regex" "corpus.character" "corpus" 
"stri_replace_all_regex" "corpus.character" "corpus" 
"stri_replace_all_regex" "corpus.character" "corpus" 
"stri_replace_all_regex" "corpus.character" "corpus" 
"stri_replace_all_regex" "corpus.character" "corpus" 
"stri_replace_all_regex" "corpus.character" "corpus" 
"stri_replace_all_regex" "corpus.character" "corpus" 
"stri_replace_all_regex" "corpus.character" "corpus" 
"stri_replace_all_regex" "corpus.character" "corpus" 
"stri_replace_all_regex" "corpus.character" "corpus" 
"stri_replace_all_fixed" "corpus.character" "corpus" 
"stri_replace_all_fixed" "corpus.character" "corpus" 
"stri_replace_all_fixed" "corpus.character" "corpus" 
"duplicated.default" "duplicated" "corpus.character" "corpus" 
"duplicated.default" "duplicated" "corpus.character" "corpus" 
"FUN" "lapply" "doTryCatch" "tryCatchOne" "tryCatchList" "tryCatch" "try" "packageDescription" "withCallingHandlers" "suppressWarnings" "utils::packageVersion" "make_meta_system" "withCallingHandlers" "suppressWarnings" "make_meta" "structure" "build_corpus" "corpus.character" "corpus" 
"stri_extract_all_regex" "preserve_special" "tokens.corpus" "tokens" 
"stri_extract_all_regex" "preserve_special" "tokens.corpus" "tokens" 
"stri_extract_all_regex" "preserve_special" "tokens.corpus" "tokens" 
"stri_extract_all_regex" "preserve_special" "tokens.corpus" "tokens" 
"stri_extract_all_regex" "preserve_special" "tokens.corpus" "tokens" 
"stri_extract_all_regex" "preserve_special" "tokens.corpus" "tokens" 
"stri_extract_all_regex" "preserve_special" "tokens.corpus" "tokens" 
"stri_extract_all_regex" "preserve_special" "tokens.corpus" "tokens" 
"stri_extract_all_regex" "preserve_special" "tokens.corpus" "tokens" 
"stri_extract_all_regex" "preserve_special" "tokens.corpus" "tokens" 
"stri_extract_all_regex" "preserve_special" "tokens.corpus" "tokens" 
"mapply" "preserve_special" "tokens.corpus" "tokens" 
"mapply" "preserve_special" "tokens.corpus" "tokens" 
"[[" "mapply" "preserve_special" "tokens.corpus" "tokens" 
"mapply" "preserve_special" "tokens.corpus" "tokens" 
"stri_replace_all_fixed" "<Anonymous>" "mapply" "preserve_special" "tokens.corpus" "tokens" 
"mapply" "preserve_special" "tokens.corpus" "tokens" 
"<Anonymous>" "mapply" "preserve_special" "tokens.corpus" "tokens" 
"<Anonymous>" "mapply" "preserve_special" "tokens.corpus" "tokens" 
"stri_replace_all_fixed" "<Anonymous>" "mapply" "preserve_special" "tokens.corpus" "tokens" 
"mapply" "preserve_special" "tokens.corpus" "tokens" 
"stri_replace_all_fixed" "<Anonymous>" "mapply" "preserve_special" "tokens.corpus" "tokens" 
"<Anonymous>" "mapply" "preserve_special" "tokens.corpus" "tokens" 
"stri_replace_all_fixed" "<Anonymous>" "mapply" "preserve_special" "tokens.corpus" "tokens" 
"is.na" "<Anonymous>" "mapply" "preserve_special" "tokens.corpus" "tokens" 
"[[" "mapply" "preserve_special" "tokens.corpus" "tokens" 
"mapply" "preserve_special" "tokens.corpus" "tokens" 
"[[" "mapply" "preserve_special" "tokens.corpus" "tokens" 
"mapply" "preserve_special" "tokens.corpus" "tokens" 
"mapply" "preserve_special" "tokens.corpus" "tokens" 
"mapply" "preserve_special" "tokens.corpus" "tokens" 
"<Anonymous>" "mapply" "preserve_special" "tokens.corpus" "tokens" 
"[[" "mapply" "preserve_special" "tokens.corpus" "tokens" 
"<Anonymous>" "mapply" "preserve_special" "tokens.corpus" "tokens" 
"stri_replace_all_fixed" "<Anonymous>" "mapply" "preserve_special" "tokens.corpus" "tokens" 
"[[" "mapply" "preserve_special" "tokens.corpus" "tokens" 
"is.na" "<Anonymous>" "mapply" "preserve_special" "tokens.corpus" "tokens" 
"mapply" "preserve_special" "tokens.corpus" "tokens" 
"mapply" "preserve_special" "tokens.corpus" "tokens" 
"is.na" "<Anonymous>" "mapply" "preserve_special" "tokens.corpus" "tokens" 
"[[" "mapply" "preserve_special" "tokens.corpus" "tokens" 
"mapply" "preserve_special" "tokens.corpus" "tokens" 
"mapply" "preserve_special" "tokens.corpus" "tokens" 
"mapply" "preserve_special" "tokens.corpus" "tokens" 
"mapply" "preserve_special" "tokens.corpus" "tokens" 
"mapply" "preserve_special" "tokens.corpus" "tokens" 
"mapply" "preserve_special" "tokens.corpus" "tokens" 
"mapply" "preserve_special" "tokens.corpus" "tokens" 
"mapply" "preserve_special" "tokens.corpus" "tokens" 
"mapply" "preserve_special" "tokens.corpus" "tokens" 
"mapply" "preserve_special" "tokens.corpus" "tokens" 
"stri_replace_all_fixed" "<Anonymous>" "mapply" "preserve_special" "tokens.corpus" "tokens" 
"mapply" "preserve_special" "tokens.corpus" "tokens" 
"[[" "mapply" "preserve_special" "tokens.corpus" "tokens" 
"mapply" "preserve_special" "tokens.corpus" "tokens" 
"stri_replace_all_fixed" "<Anonymous>" "mapply" "preserve_special" "tokens.corpus" "tokens" 
"unlist" "simplify2array" "mapply" "preserve_special" "tokens.corpus" "tokens" 
"factor" "as.factor" "split.default" "split" "tokens.corpus" "tokens" 
"factor" "as.factor" "split.default" "split" "tokens.corpus" "tokens" 
"factor" "as.factor" "split.default" "split" "tokens.corpus" "tokens" 
"factor" "as.factor" "split.default" "split" "tokens.corpus" "tokens" 
"factor" "as.factor" "split.default" "split" "tokens.corpus" "tokens" 
"factor" "as.factor" "split.default" "split" "tokens.corpus" "tokens" 
"factor" "as.factor" "split.default" "split" "tokens.corpus" "tokens" 
"split.default" "split" "tokens.corpus" "tokens" 
"stri_replace_all_regex" "tokenizer_fn" "tokens.corpus" "tokens" 
"stri_split_boundaries" "structure" "tokenizer_fn" "tokens.corpus" "tokens" 
"stri_split_boundaries" "structure" "tokenizer_fn" "tokens.corpus" "tokens" 
"unique.default" "unique" "serialize_tokens" "tokens.corpus" "tokens" 
"FUN" "lapply" "serialize_tokens" "tokens.corpus" "tokens" 
"getExportedValue" "::" "FUN" "lapply" "serialize_tokens" "tokens.corpus" "tokens" 
"asNamespace" "getExportedValue" "::" "FUN" "lapply" "serialize_tokens" "tokens.corpus" "tokens" 
"is.na" "FUN" "lapply" "serialize_tokens" "tokens.corpus" "tokens" 
"tokens.corpus" "tokens" 
"stri_replace_all_regex" "tokenizer_fn" "tokens.corpus" "tokens" 
"stri_split_boundaries" "structure" "tokenizer_fn" "tokens.corpus" "tokens" 
"unlist" "unique" "serialize_tokens" "tokens.corpus" "tokens" 
"stri_detect_regex" "serialize_tokens" "tokens.corpus" "tokens" 
"isBaseNamespace" "getExportedValue" "::" "FUN" "lapply" "serialize_tokens" "tokens.corpus" "tokens" 
"get0" "getExportedValue" "::" "FUN" "lapply" "serialize_tokens" "tokens.corpus" "tokens" 
"FUN" "lapply" "serialize_tokens" "tokens.corpus" "tokens" 
"getExportedValue" "::" "FUN" "lapply" "serialize_tokens" "tokens.corpus" "tokens" 
"stri_replace_all_regex" "tokenizer_fn" "tokens.corpus" "tokens" 
"stri_split_boundaries" "structure" "tokenizer_fn" "tokens.corpus" "tokens" 
"stri_split_boundaries" "structure" "tokenizer_fn" "tokens.corpus" "tokens" 
"unique.default" "unique" "serialize_tokens" "tokens.corpus" "tokens" 
"asNamespace" "getExportedValue" "::" "FUN" "lapply" "serialize_tokens" "tokens.corpus" "tokens" 
"lapply" "serialize_tokens" "tokens.corpus" "tokens" 
"fastmatch::fmatch" "FUN" "lapply" "serialize_tokens" "tokens.corpus" "tokens" 
"fastmatch::fmatch" "FUN" "lapply" "serialize_tokens" "tokens.corpus" "tokens" 
"stri_replace_all_regex" "tokenizer_fn" "tokens.corpus" "tokens" 
"stri_split_boundaries" "structure" "tokenizer_fn" "tokens.corpus" "tokens" 
"stri_split_boundaries" "structure" "tokenizer_fn" "tokens.corpus" "tokens" 
"unique.default" "unique" "serialize_tokens" "tokens.corpus" "tokens" 
"getExportedValue" "::" "FUN" "lapply" "serialize_tokens" "tokens.corpus" "tokens" 
"isNamespace" "asNamespace" "getExportedValue" "::" "FUN" "lapply" "serialize_tokens" "tokens.corpus" "tokens" 
".getNamespaceInfo" "getExportedValue" "::" "FUN" "lapply" "serialize_tokens" "tokens.corpus" "tokens" 
"stri_replace_all_regex" "tokenizer_fn" "tokens.corpus" "tokens" 
"stri_split_boundaries" "structure" "tokenizer_fn" "tokens.corpus" "tokens" 
"unique.default" "unique" "serialize_tokens" "tokens.corpus" "tokens" 
"FUN" "lapply" "serialize_tokens" "tokens.corpus" "tokens" 
"asNamespace" "getExportedValue" "::" "FUN" "lapply" "serialize_tokens" "tokens.corpus" "tokens" 
"lapply" "serialize_tokens" "tokens.corpus" "tokens" 
"attributes<-" "serialize_tokens" "tokens.corpus" "tokens" 
"stri_split_boundaries" "structure" "tokenizer_fn" "tokens.corpus" "tokens" 
"unlist" "unique" "serialize_tokens" "tokens.corpus" "tokens" 
"stri_detect_regex" "serialize_tokens" "tokens.corpus" "tokens" 
"::" "FUN" "lapply" "serialize_tokens" "tokens.corpus" "tokens" 
"get0" "getExportedValue" "::" "FUN" "lapply" "serialize_tokens" "tokens.corpus" "tokens" 
"fastmatch::fmatch" "FUN" "lapply" "serialize_tokens" "tokens.corpus" "tokens" 
"asNamespace" "getExportedValue" "::" "FUN" "lapply" "serialize_tokens" "tokens.corpus" "tokens" 
"stri_replace_all_regex" "tokenizer_fn" "tokens.corpus" "tokens" 
"stri_split_boundaries" "structure" "tokenizer_fn" "tokens.corpus" "tokens" 
"stri_split_boundaries" "structure" "tokenizer_fn" "tokens.corpus" "tokens" 
"unique.default" "unique" "serialize_tokens" "tokens.corpus" "tokens" 
"unique.default" "unique" "union" "serialize_tokens" "tokens.corpus" "tokens" 
"fastmatch::fmatch" "FUN" "lapply" "serialize_tokens" "tokens.corpus" "tokens" 
"::" "FUN" "lapply" "serialize_tokens" "tokens.corpus" "tokens" 
"getNamespace" "asNamespace" "getExportedValue" "::" "FUN" "lapply" "serialize_tokens" "tokens.corpus" "tokens" 
"getNamespace" "asNamespace" "getExportedValue" "::" "FUN" "lapply" "serialize_tokens" "tokens.corpus" "tokens" 
"getNamespace" "asNamespace" "getExportedValue" "::" "FUN" "lapply" "serialize_tokens" "tokens.corpus" "tokens" 
"getNamespace" "asNamespace" "getExportedValue" "::" "FUN" "lapply" "serialize_tokens" "tokens.corpus" "tokens" 
"getNamespace" "asNamespace" "getExportedValue" "::" "FUN" "lapply" "serialize_tokens" "tokens.corpus" "tokens" 
"getNamespace" "asNamespace" "getExportedValue" "::" "FUN" "lapply" "serialize_tokens" "tokens.corpus" "tokens" 
"getNamespace" "asNamespace" "getExportedValue" "::" "FUN" "lapply" "serialize_tokens" "tokens.corpus" "tokens" 
"getNamespace" "asNamespace" "getExportedValue" "::" "FUN" "lapply" "serialize_tokens" "tokens.corpus" "tokens" 
"isNamespace" "asNamespace" "getExportedValue" "::" "FUN" "lapply" "serialize_tokens" "tokens.corpus" "tokens" 
"is.na" "FUN" "lapply" "serialize_tokens" "tokens.corpus" "tokens" 
"getNamespace" "asNamespace" "getExportedValue" "::" "FUN" "lapply" "serialize_tokens" "tokens.corpus" "tokens" 
"stri_replace_all_regex" "tokenizer_fn" "tokens.corpus" "tokens" 
"stri_replace_all_regex" "tokenizer_fn" "tokens.corpus" "tokens" 
"stri_replace_all_regex" "tokenizer_fn" "tokens.corpus" "tokens" 
"stri_replace_all_regex" "tokenizer_fn" "tokens.corpus" "tokens" 
"stri_split_boundaries" "structure" "tokenizer_fn" "tokens.corpus" "tokens" 
"stri_split_boundaries" "structure" "tokenizer_fn" "tokens.corpus" "tokens" 
"stri_split_boundaries" "structure" "tokenizer_fn" "tokens.corpus" "tokens" 
"stri_split_boundaries" "structure" "tokenizer_fn" "tokens.corpus" "tokens" 
"stri_split_boundaries" "structure" "tokenizer_fn" "tokens.corpus" "tokens" 
"unique.default" "unique" "serialize_tokens" "tokens.corpus" "tokens" 
"fastmatch::fmatch" "FUN" "lapply" "serialize_tokens" "tokens.corpus" "tokens" 
"asNamespace" "getExportedValue" "::" "FUN" "lapply" "serialize_tokens" "tokens.corpus" "tokens" 
"lapply" "serialize_tokens" "tokens.corpus" "tokens" 
"stri_replace_all_regex" "tokenizer_fn" "tokens.corpus" "tokens" 
"stri_split_boundaries" "structure" "tokenizer_fn" "tokens.corpus" "tokens" 
"stri_split_boundaries" "structure" "tokenizer_fn" "tokens.corpus" "tokens" 
"unique.default" "unique" "union" "serialize_tokens" "tokens.corpus" "tokens" 
"fastmatch::fmatch" "FUN" "lapply" "serialize_tokens" "tokens.corpus" "tokens" 
"::" "FUN" "lapply" "serialize_tokens" "tokens.corpus" "tokens" 
"isBaseNamespace" "getExportedValue" "::" "FUN" "lapply" "serialize_tokens" "tokens.corpus" "tokens" 
"stri_replace_all_regex" "tokenizer_fn" "tokens.corpus" "tokens" 
"stri_split_boundaries" "structure" "tokenizer_fn" "tokens.corpus" "tokens" 
"stri_split_boundaries" "structure" "tokenizer_fn" "tokens.corpus" "tokens" 
"unique.default" "unique" "serialize_tokens" "tokens.corpus" "tokens" 
"unique.default" "unique" "union" "serialize_tokens" "tokens.corpus" "tokens" 
"fastmatch::fmatch" "FUN" "lapply" "serialize_tokens" "tokens.corpus" "tokens" 
"length" "FUN" "lapply" "serialize_tokens" "tokens.corpus" "tokens" 
"get0" "getExportedValue" "::" "FUN" "lapply" "serialize_tokens" "tokens.corpus" "tokens" 
"FUN" "lapply" "serialize_tokens" "tokens.corpus" "tokens" 
"stri_replace_all_regex" "tokenizer_fn" "tokens.corpus" "tokens" 
"stri_split_boundaries" "structure" "tokenizer_fn" "tokens.corpus" "tokens" 
"stri_split_boundaries" "structure" "tokenizer_fn" "tokens.corpus" "tokens" 
"unique.default" "unique" "serialize_tokens" "tokens.corpus" "tokens" 
"unique.default" "unique" "union" "serialize_tokens" "tokens.corpus" "tokens" 
"FUN" "lapply" "serialize_tokens" "tokens.corpus" "tokens" 
"FUN" "lapply" "serialize_tokens" "tokens.corpus" "tokens" 
"asNamespace" "getExportedValue" "::" "FUN" "lapply" "serialize_tokens" "tokens.corpus" "tokens" 
"FUN" "lapply" "serialize_tokens" "tokens.corpus" "tokens" 
"stri_replace_all_regex" "tokenizer_fn" "tokens.corpus" "tokens" 
"stri_split_boundaries" "structure" "tokenizer_fn" "tokens.corpus" "tokens" 
"stri_split_boundaries" "structure" "tokenizer_fn" "tokens.corpus" "tokens" 
"unique.default" "unique" "serialize_tokens" "tokens.corpus" "tokens" 
"unique.default" "unique" "union" "serialize_tokens" "tokens.corpus" "tokens" 
"isBaseNamespace" "getExportedValue" "::" "FUN" "lapply" "serialize_tokens" "tokens.corpus" "tokens" 
"fastmatch::fmatch" "FUN" "lapply" "serialize_tokens" "tokens.corpus" "tokens" 
"FUN" "lapply" "serialize_tokens" "tokens.corpus" "tokens" 
"FUN" "lapply" "serialize_tokens" "tokens.corpus" "tokens" 
"stri_replace_all_regex" "tokenizer_fn" "tokens.corpus" "tokens" 
"stri_split_boundaries" "structure" "tokenizer_fn" "tokens.corpus" "tokens" 
"stri_split_boundaries" "structure" "tokenizer_fn" "tokens.corpus" "tokens" 
"unique.default" "unique" "serialize_tokens" "tokens.corpus" "tokens" 
"unique.default" "unique" "union" "serialize_tokens" "tokens.corpus" "tokens" 
"fastmatch::fmatch" "FUN" "lapply" "serialize_tokens" "tokens.corpus" "tokens" 
"FUN" "lapply" "serialize_tokens" "tokens.corpus" "tokens" 
"FUN" "lapply" "serialize_tokens" "tokens.corpus" "tokens" 
"FUN" "lapply" "serialize_tokens" "tokens.corpus" "tokens" 
"get0" "getExportedValue" "::" "FUN" "lapply" "serialize_tokens" "tokens.corpus" "tokens" 
"fastmatch::fmatch" "FUN" "lapply" "serialize_tokens" "tokens.corpus" "tokens" 
"lapply" "serialize_tokens" "tokens.corpus" "tokens" 
"stri_replace_all_regex" "tokenizer_fn" "tokens.corpus" "tokens" 
"stri_split_boundaries" "structure" "tokenizer_fn" "tokens.corpus" "tokens" 
"unique.default" "unique" "serialize_tokens" "tokens.corpus" "tokens" 
"isBaseNamespace" "getExportedValue" "::" "FUN" "lapply" "serialize_tokens" "tokens.corpus" "tokens" 
"isNamespace" "asNamespace" "getExportedValue" "::" "FUN" "lapply" "serialize_tokens" "tokens.corpus" "tokens" 
"FUN" "lapply" "serialize_tokens" "tokens.corpus" "tokens" 
"fastmatch::fmatch" "FUN" "lapply" "serialize_tokens" "tokens.corpus" "tokens" 
"stri_replace_all_regex" "tokenizer_fn" "tokens.corpus" "tokens" 
"stri_split_boundaries" "structure" "tokenizer_fn" "tokens.corpus" "tokens" 
"stri_split_boundaries" "structure" "tokenizer_fn" "tokens.corpus" "tokens" 
"unique.default" "unique" "serialize_tokens" "tokens.corpus" "tokens" 
"c" "unique" "union" "serialize_tokens" "tokens.corpus" "tokens" 
"fastmatch::fmatch" "FUN" "lapply" "serialize_tokens" "tokens.corpus" "tokens" 
"FUN" "lapply" "serialize_tokens" "tokens.corpus" "tokens" 
"FUN" "lapply" "serialize_tokens" "tokens.corpus" "tokens" 
"FUN" "lapply" "serialize_tokens" "tokens.corpus" "tokens" 
"FUN" "lapply" "serialize_tokens" "tokens.corpus" "tokens" 
"FUN" "lapply" "serialize_tokens" "tokens.corpus" "tokens" 
"FUN" "lapply" "serialize_tokens" "tokens.corpus" "tokens" 
"FUN" "lapply" "serialize_tokens" "tokens.corpus" "tokens" 
"FUN" "lapply" "serialize_tokens" "tokens.corpus" "tokens" 
"isNamespace" "asNamespace" "getExportedValue" "::" "FUN" "lapply" "serialize_tokens" "tokens.corpus" "tokens" 
"::" "FUN" "lapply" "serialize_tokens" "tokens.corpus" "tokens" 
"fastmatch::fmatch" "FUN" "lapply" "serialize_tokens" "tokens.corpus" "tokens" 
"stri_replace_all_regex" "tokenizer_fn" "tokens.corpus" "tokens" 
"stri_split_boundaries" "structure" "tokenizer_fn" "tokens.corpus" "tokens" 
"stri_split_boundaries" "structure" "tokenizer_fn" "tokens.corpus" "tokens" 
"unique.default" "unique" "serialize_tokens" "tokens.corpus" "tokens" 
"stri_detect_regex" "serialize_tokens" "tokens.corpus" "tokens" 
"unique.default" "unique" "union" "serialize_tokens" "tokens.corpus" "tokens" 
"isBaseNamespace" "getExportedValue" "::" "FUN" "lapply" "serialize_tokens" "tokens.corpus" "tokens" 
"isNamespace" "asNamespace" "getExportedValue" "::" "FUN" "lapply" "serialize_tokens" "tokens.corpus" "tokens" 
"FUN" "lapply" "serialize_tokens" "tokens.corpus" "tokens" 
"lapply" "serialize_tokens" "tokens.corpus" "tokens" 
"stri_replace_all_regex" "tokenizer_fn" "tokens.corpus" "tokens" 
"stri_split_boundaries" "structure" "tokenizer_fn" "tokens.corpus" "tokens" 
"unique.default" "unique" "serialize_tokens" "tokens.corpus" "tokens" 
"unique.default" "unique" "union" "serialize_tokens" "tokens.corpus" "tokens" 
"unique.default" "unique" "union" "serialize_tokens" "tokens.corpus" "tokens" 
"getNamespace" "asNamespace" "getExportedValue" "::" "FUN" "lapply" "serialize_tokens" "tokens.corpus" "tokens" 
"asNamespace" "getExportedValue" "::" "FUN" "lapply" "serialize_tokens" "tokens.corpus" "tokens" 
"::" "FUN" "lapply" "serialize_tokens" "tokens.corpus" "tokens" 
"::" "FUN" "lapply" "serialize_tokens" "tokens.corpus" "tokens" 
"fastmatch::fmatch" "FUN" "lapply" "serialize_tokens" "tokens.corpus" "tokens" 
"asNamespace" "getExportedValue" "::" "FUN" "lapply" "serialize_tokens" "tokens.corpus" "tokens" 
"FUN" "lapply" "serialize_tokens" "tokens.corpus" "tokens" 
"getExportedValue" "::" "FUN" "lapply" "serialize_tokens" "tokens.corpus" "tokens" 
"asNamespace" "getExportedValue" "::" "FUN" "lapply" "serialize_tokens" "tokens.corpus" "tokens" 
"stri_replace_all_regex" "tokenizer_fn" "tokens.corpus" "tokens" 
"stri_split_boundaries" "structure" "tokenizer_fn" "tokens.corpus" "tokens" 
"stri_split_boundaries" "structure" "tokenizer_fn" "tokens.corpus" "tokens" 
"unique.default" "unique" "serialize_tokens" "tokens.corpus" "tokens" 
"serialize_tokens" "tokens.corpus" "tokens" 
"fastmatch::fmatch" "FUN" "lapply" "serialize_tokens" "tokens.corpus" "tokens" 
"fastmatch::fmatch" "FUN" "lapply" "serialize_tokens" "tokens.corpus" "tokens" 
"::" "FUN" "lapply" "serialize_tokens" "tokens.corpus" "tokens" 
"getExportedValue" "::" "FUN" "lapply" "serialize_tokens" "tokens.corpus" "tokens" 
"fastmatch::fmatch" "FUN" "lapply" "serialize_tokens" "tokens.corpus" "tokens" 
"stri_replace_all_regex" "tokenizer_fn" "tokens.corpus" "tokens" 
"stri_split_boundaries" "structure" "tokenizer_fn" "tokens.corpus" "tokens" 
"stri_split_boundaries" "structure" "tokenizer_fn" "tokens.corpus" "tokens" 
"unique.default" "unique" "serialize_tokens" "tokens.corpus" "tokens" 
"unique.default" "unique" "union" "serialize_tokens" "tokens.corpus" "tokens" 
"FUN" "lapply" "serialize_tokens" "tokens.corpus" "tokens" 
"asNamespace" "getExportedValue" "::" "FUN" "lapply" "serialize_tokens" "tokens.corpus" "tokens" 
"FUN" "lapply" "serialize_tokens" "tokens.corpus" "tokens" 
"getNamespace" "asNamespace" "getExportedValue" "::" "FUN" "lapply" "serialize_tokens" "tokens.corpus" "tokens" 
"stri_replace_all_regex" "tokenizer_fn" "tokens.corpus" "tokens" 
"stri_split_boundaries" "structure" "tokenizer_fn" "tokens.corpus" "tokens" 
"stri_split_boundaries" "structure" "tokenizer_fn" "tokens.corpus" "tokens" 
"unique.default" "unique" "serialize_tokens" "tokens.corpus" "tokens" 
"unique.default" "unique" "union" "serialize_tokens" "tokens.corpus" "tokens" 
"getExportedValue" "::" "FUN" "lapply" "serialize_tokens" "tokens.corpus" "tokens" 
"getExportedValue" "::" "FUN" "lapply" "serialize_tokens" "tokens.corpus" "tokens" 
".getNamespaceInfo" "getExportedValue" "::" "FUN" "lapply" "serialize_tokens" "tokens.corpus" "tokens" 
"getExportedValue" "::" "FUN" "lapply" "serialize_tokens" "tokens.corpus" "tokens" 
"attributes<-" "serialize_tokens" "tokens.corpus" "tokens" 
"stri_replace_all_regex" "tokenizer_fn" "tokens.corpus" "tokens" 
"stri_split_boundaries" "structure" "tokenizer_fn" "tokens.corpus" "tokens" 
"unique.default" "unique" "serialize_tokens" "tokens.corpus" "tokens" 
"unique.default" "unique" "union" "serialize_tokens" "tokens.corpus" "tokens" 
"FUN" "lapply" "serialize_tokens" "tokens.corpus" "tokens" 
"lapply" "serialize_tokens" "tokens.corpus" "tokens" 
"fastmatch::fmatch" "FUN" "lapply" "serialize_tokens" "tokens.corpus" "tokens" 
"stri_split_boundaries" "structure" "tokenizer_fn" "tokens.corpus" "tokens" 
"stri_split_boundaries" "structure" "tokenizer_fn" "tokens.corpus" "tokens" 
"unique.default" "unique" "serialize_tokens" "tokens.corpus" "tokens" 
"unique.default" "unique" "serialize_tokens" "tokens.corpus" "tokens" 
"unique.default" "unique" "union" "serialize_tokens" "tokens.corpus" "tokens" 
"unique.default" "unique" "union" "serialize_tokens" "tokens.corpus" "tokens" 
"unique.default" "unique" "union" "serialize_tokens" "tokens.corpus" "tokens" 
"unique.default" "unique" "union" "serialize_tokens" "tokens.corpus" "tokens" 
"unique.default" "unique" "union" "serialize_tokens" "tokens.corpus" "tokens" 
"FUN" "lapply" "serialize_tokens" "tokens.corpus" "tokens" 
"lapply" "serialize_tokens" "tokens.corpus" "tokens" 
"getNamespace" "asNamespace" "getExportedValue" "::" "FUN" "lapply" "serialize_tokens" "tokens.corpus" "tokens" 
".getNamespaceInfo" "getExportedValue" "::" "FUN" "lapply" "serialize_tokens" "tokens.corpus" "tokens" 
"lapply" "serialize_tokens" "tokens.corpus" "tokens" 
"::" "FUN" "lapply" "serialize_tokens" "tokens.corpus" "tokens" 
"::" "FUN" "lapply" "serialize_tokens" "tokens.corpus" "tokens" 
"::" "FUN" "lapply" "serialize_tokens" "tokens.corpus" "tokens" 
"::" "FUN" "lapply" "serialize_tokens" "tokens.corpus" "tokens" 
"::" "FUN" "lapply" "serialize_tokens" "tokens.corpus" "tokens" 
"::" "FUN" "lapply" "serialize_tokens" "tokens.corpus" "tokens" 
"::" "FUN" "lapply" "serialize_tokens" "tokens.corpus" "tokens" 
"::" "FUN" "lapply" "serialize_tokens" "tokens.corpus" "tokens" 
"isBaseNamespace" "getExportedValue" "::" "FUN" "lapply" "serialize_tokens" "tokens.corpus" "tokens" 
"lapply" "serialize_tokens" "tokens.corpus" "tokens" 
"stri_replace_all_regex" "tokenizer_fn" "tokens.corpus" "tokens" 
"stri_split_boundaries" "structure" "tokenizer_fn" "tokens.corpus" "tokens" 
"stri_split_boundaries" "structure" "tokenizer_fn" "tokens.corpus" "tokens" 
"unique.default" "unique" "serialize_tokens" "tokens.corpus" "tokens" 
"unique.default" "unique" "union" "serialize_tokens" "tokens.corpus" "tokens" 
"unique.default" "unique" "union" "serialize_tokens" "tokens.corpus" "tokens" 
"FUN" "lapply" "serialize_tokens" "tokens.corpus" "tokens" 
"get0" "getExportedValue" "::" "FUN" "lapply" "serialize_tokens" "tokens.corpus" "tokens" 
"getExportedValue" "::" "FUN" "lapply" "serialize_tokens" "tokens.corpus" "tokens" 
"fastmatch::fmatch" "FUN" "lapply" "serialize_tokens" "tokens.corpus" "tokens" 
"stri_split_boundaries" "structure" "tokenizer_fn" "tokens.corpus" "tokens" 
"unique.default" "unique" "union" "serialize_tokens" "tokens.corpus" "tokens" 
"asNamespace" "getExportedValue" "::" "FUN" "lapply" "serialize_tokens" "tokens.corpus" "tokens" 
".getNamespaceInfo" "getExportedValue" "::" "FUN" "lapply" "serialize_tokens" "tokens.corpus" "tokens" 
"unlist" "...elt" "stopifnot" "build_tokens" "tokens.corpus" "tokens" 
"unlist" "...elt" "stopifnot" "build_tokens" "tokens.corpus" "tokens" 
"unlist" "...elt" "stopifnot" "build_tokens" "tokens.corpus" "tokens" 
"build_tokens" "tokens.corpus" "tokens" 
"structure" "build_tokens" "tokens.corpus" "tokens" 
"stri_replace_all_fixed" "restore_special" "tokens.corpus" "tokens" 
"restore_special" "tokens.corpus" "tokens" 
"qatd_cpp_tokens_recompile" "tokens_recompile" "restore_special" "tokens.corpus" "tokens" 
"qatd_cpp_tokens_recompile" "tokens_recompile" "restore_special" "tokens.corpus" "tokens" 
"qatd_cpp_tokens_recompile" "tokens_recompile" "restore_special" "tokens.corpus" "tokens" 
"qatd_cpp_tokens_recompile" "tokens_recompile" "restore_special" "tokens.corpus" "tokens" 
"qatd_cpp_tokens_recompile" "tokens_recompile" "restore_special" "tokens.corpus" "tokens" 
"qatd_cpp_tokens_recompile" "tokens_recompile" "restore_special" "tokens.corpus" "tokens" 
"qatd_cpp_tokens_recompile" "tokens_recompile" "restore_special" "tokens.corpus" "tokens" 
"qatd_cpp_tokens_recompile" "tokens_recompile" "restore_special" "tokens.corpus" "tokens" 
"qatd_cpp_tokens_recompile" "tokens_recompile" "restore_special" "tokens.corpus" "tokens" 
"qatd_cpp_tokens_recompile" "tokens_recompile" "restore_special" "tokens.corpus" "tokens" 
"qatd_cpp_tokens_recompile" "tokens_recompile" "restore_special" "tokens.corpus" "tokens" 
"qatd_cpp_tokens_recompile" "tokens_recompile" "restore_special" "tokens.corpus" "tokens" 
"qatd_cpp_tokens_recompile" "tokens_recompile" "restore_special" "tokens.corpus" "tokens" 
"qatd_cpp_tokens_recompile" "tokens_recompile" "restore_special" "tokens.corpus" "tokens" 
"qatd_cpp_tokens_recompile" "tokens_recompile" "restore_special" "tokens.corpus" "tokens" 
"qatd_cpp_tokens_recompile" "tokens_recompile" "restore_special" "tokens.corpus" "tokens" 
"qatd_cpp_tokens_recompile" "tokens_recompile" "restore_special" "tokens.corpus" "tokens" 
"qatd_cpp_tokens_recompile" "tokens_recompile" "restore_special" "tokens.corpus" "tokens" 
"qatd_cpp_tokens_recompile" "tokens_recompile" "restore_special" "tokens.corpus" "tokens" 
"qatd_cpp_tokens_recompile" "tokens_recompile" "restore_special" "tokens.corpus" "tokens" 
"qatd_cpp_tokens_recompile" "tokens_recompile" "restore_special" "tokens.corpus" "tokens" 
"qatd_cpp_tokens_recompile" "tokens_recompile" "restore_special" "tokens.corpus" "tokens" 
"qatd_cpp_tokens_recompile" "tokens_recompile" "restore_special" "tokens.corpus" "tokens" 
"qatd_cpp_tokens_recompile" "tokens_recompile" "restore_special" "tokens.corpus" "tokens" 
"qatd_cpp_tokens_recompile" "tokens_recompile" "restore_special" "tokens.corpus" "tokens" 
"qatd_cpp_tokens_recompile" "tokens_recompile" "restore_special" "tokens.corpus" "tokens" 
"qatd_cpp_tokens_recompile" "tokens_recompile" "restore_special" "tokens.corpus" "tokens" 
"qatd_cpp_tokens_recompile" "tokens_recompile" "restore_special" "tokens.corpus" "tokens" 
"stri_trans_nfc" "index_types" "pattern2id" "pattern2list" "tokens_select.tokens" "tokens_select" "tokens_remove" "tokens.tokens" "tokens.corpus" "tokens" 
"stri_trans_nfc" "index_types" "pattern2id" "pattern2list" "tokens_select.tokens" "tokens_select" "tokens_remove" "tokens.tokens" "tokens.corpus" "tokens" 
"stri_trans_nfc" "index_types" "pattern2id" "pattern2list" "tokens_select.tokens" "tokens_select" "tokens_remove" "tokens.tokens" "tokens.corpus" "tokens" 
"stri_trans_nfc" "index_types" "pattern2id" "pattern2list" "tokens_select.tokens" "tokens_select" "tokens_remove" "tokens.tokens" "tokens.corpus" "tokens" 
"stri_trans_nfc" "index_types" "pattern2id" "pattern2list" "tokens_select.tokens" "tokens_select" "tokens_remove" "tokens.tokens" "tokens.corpus" "tokens" 
"stri_trans_nfc" "index_types" "pattern2id" "pattern2list" "tokens_select.tokens" "tokens_select" "tokens_remove" "tokens.tokens" "tokens.corpus" "tokens" 
"stri_trans_nfc" "index_types" "pattern2id" "pattern2list" "tokens_select.tokens" "tokens_select" "tokens_remove" "tokens.tokens" "tokens.corpus" "tokens" 
"stri_trans_nfc" "index_types" "pattern2id" "pattern2list" "tokens_select.tokens" "tokens_select" "tokens_remove" "tokens.tokens" "tokens.corpus" "tokens" 
"stri_trans_nfc" "index_types" "pattern2id" "pattern2list" "tokens_select.tokens" "tokens_select" "tokens_remove" "tokens.tokens" "tokens.corpus" "tokens" 
"stri_trans_nfc" "index_types" "pattern2id" "pattern2list" "tokens_select.tokens" "tokens_select" "tokens_remove" "tokens.tokens" "tokens.corpus" "tokens" 
"stri_trans_nfc" "index_types" "pattern2id" "pattern2list" "tokens_select.tokens" "tokens_select" "tokens_remove" "tokens.tokens" "tokens.corpus" "tokens" 
"stri_trans_nfc" "index_types" "pattern2id" "pattern2list" "tokens_select.tokens" "tokens_select" "tokens_remove" "tokens.tokens" "tokens.corpus" "tokens" 
"stri_trans_nfc" "index_types" "pattern2id" "pattern2list" "tokens_select.tokens" "tokens_select" "tokens_remove" "tokens.tokens" "tokens.corpus" "tokens" 
"stri_trans_nfc" "index_types" "pattern2id" "pattern2list" "tokens_select.tokens" "tokens_select" "tokens_remove" "tokens.tokens" "tokens.corpus" "tokens" 
"stri_trans_nfc" "index_types" "pattern2id" "pattern2list" "tokens_select.tokens" "tokens_select" "tokens_remove" "tokens.tokens" "tokens.corpus" "tokens" 
"stri_trans_nfc" "index_types" "pattern2id" "pattern2list" "tokens_select.tokens" "tokens_select" "tokens_remove" "tokens.tokens" "tokens.corpus" "tokens" 
"stri_trans_nfc" "index_types" "pattern2id" "pattern2list" "tokens_select.tokens" "tokens_select" "tokens_remove" "tokens.tokens" "tokens.corpus" "tokens" 
"stri_trans_nfc" "index_types" "pattern2id" "pattern2list" "tokens_select.tokens" "tokens_select" "tokens_remove" "tokens.tokens" "tokens.corpus" "tokens" 
"stri_trans_nfc" "index_types" "pattern2id" "pattern2list" "tokens_select.tokens" "tokens_select" "tokens_remove" "tokens.tokens" "tokens.corpus" "tokens" 
"stri_trans_nfc" "index_types" "pattern2id" "pattern2list" "tokens_select.tokens" "tokens_select" "tokens_remove" "tokens.tokens" "tokens.corpus" "tokens" 
"stri_trans_nfc" "index_types" "pattern2id" "pattern2list" "tokens_select.tokens" "tokens_select" "tokens_remove" "tokens.tokens" "tokens.corpus" "tokens" 
"stri_trans_nfc" "index_types" "pattern2id" "pattern2list" "tokens_select.tokens" "tokens_select" "tokens_remove" "tokens.tokens" "tokens.corpus" "tokens" 
"stri_detect_regex" "standardGeneric" "which" "search_regex" "standardGeneric" "as.list" "pattern2id" "pattern2list" "tokens_select.tokens" "tokens_select" "tokens_remove" "tokens.tokens" "tokens.corpus" "tokens" 
"stri_detect_regex" "standardGeneric" "which" "search_regex" "standardGeneric" "as.list" "pattern2id" "pattern2list" "tokens_select.tokens" "tokens_select" "tokens_remove" "tokens.tokens" "tokens.corpus" "tokens" 
"qatd_cpp_tokens_select" "tokens_select.tokens" "tokens_select" "tokens_remove" "tokens.tokens" "tokens.corpus" "tokens" 
"qatd_cpp_tokens_select" "tokens_select.tokens" "tokens_select" "tokens_remove" "tokens.tokens" "tokens.corpus" "tokens" 
"qatd_cpp_tokens_select" "tokens_select.tokens" "tokens_select" "tokens_remove" "tokens.tokens" "tokens.corpus" "tokens" 
"qatd_cpp_tokens_select" "tokens_select.tokens" "tokens_select" "tokens_remove" "tokens.tokens" "tokens.corpus" "tokens" 
"qatd_cpp_tokens_select" "tokens_select.tokens" "tokens_select" "tokens_remove" "tokens.tokens" "tokens.corpus" "tokens" 
"qatd_cpp_tokens_select" "tokens_select.tokens" "tokens_select" "tokens_remove" "tokens.tokens" "tokens.corpus" "tokens" 
"qatd_cpp_tokens_select" "tokens_select.tokens" "tokens_select" "tokens_remove" "tokens.tokens" "tokens.corpus" "tokens" 
"qatd_cpp_tokens_select" "tokens_select.tokens" "tokens_select" "tokens_remove" "tokens.tokens" "tokens.corpus" "tokens" 
"qatd_cpp_tokens_select" "tokens_select.tokens" "tokens_select" "tokens_remove" "tokens.tokens" "tokens.corpus" "tokens" 
"qatd_cpp_tokens_select" "tokens_select.tokens" "tokens_select" "tokens_remove" "tokens.tokens" "tokens.corpus" "tokens" 
"qatd_cpp_tokens_select" "tokens_select.tokens" "tokens_select" "tokens_remove" "tokens.tokens" "tokens.corpus" "tokens" 
"qatd_cpp_tokens_select" "tokens_select.tokens" "tokens_select" "tokens_remove" "tokens.tokens" "tokens.corpus" "tokens" 
"qatd_cpp_tokens_select" "tokens_select.tokens" "tokens_select" "tokens_remove" "tokens.tokens" "tokens.corpus" "tokens" 
"qatd_cpp_tokens_select" "tokens_select.tokens" "tokens_select" "tokens_remove" "tokens.tokens" "tokens.corpus" "tokens" 
"qatd_cpp_tokens_select" "tokens_select.tokens" "tokens_select" "tokens_remove" "tokens.tokens" "tokens.corpus" "tokens" 
"qatd_cpp_tokens_select" "tokens_select.tokens" "tokens_select" "tokens_remove" "tokens.tokens" "tokens.corpus" "tokens" 
"qatd_cpp_tokens_select" "tokens_select.tokens" "tokens_select" "tokens_remove" "tokens.tokens" "tokens.corpus" "tokens" 
"qatd_cpp_tokens_select" "tokens_select.tokens" "tokens_select" "tokens_remove" "tokens.tokens" "tokens.corpus" "tokens" 
"qatd_cpp_tokens_select" "tokens_select.tokens" "tokens_select" "tokens_remove" "tokens.tokens" "tokens.corpus" "tokens" 
"qatd_cpp_tokens_select" "tokens_select.tokens" "tokens_select" "tokens_remove" "tokens.tokens" "tokens.corpus" "tokens" 
"qatd_cpp_tokens_select" "tokens_select.tokens" "tokens_select" "tokens_remove" "tokens.tokens" "tokens.corpus" "tokens" 
"qatd_cpp_tokens_select" "tokens_select.tokens" "tokens_select" "tokens_remove" "tokens.tokens" "tokens.corpus" "tokens" 
"qatd_cpp_tokens_select" "tokens_select.tokens" "tokens_select" "tokens_remove" "tokens.tokens" "tokens.corpus" "tokens" 
"qatd_cpp_tokens_select" "tokens_select.tokens" "tokens_select" "tokens_remove" "tokens.tokens" "tokens.corpus" "tokens" 
"qatd_cpp_tokens_select" "tokens_select.tokens" "tokens_select" "tokens_remove" "tokens.tokens" "tokens.corpus" "tokens" 
"qatd_cpp_tokens_select" "tokens_select.tokens" "tokens_select" "tokens_remove" "tokens.tokens" "tokens.corpus" "tokens" 
"qatd_cpp_tokens_select" "tokens_select.tokens" "tokens_select" "tokens_remove" "tokens.tokens" "tokens.corpus" "tokens" 
"qatd_cpp_tokens_select" "tokens_select.tokens" "tokens_select" "tokens_remove" "tokens.tokens" "tokens.corpus" "tokens" 
"qatd_cpp_tokens_select" "tokens_select.tokens" "tokens_select" "tokens_remove" "tokens.tokens" "tokens.corpus" "tokens" 
"qatd_cpp_tokens_select" "tokens_select.tokens" "tokens_select" "tokens_remove" "tokens.tokens" "tokens.corpus" "tokens" 
"qatd_cpp_tokens_select" "tokens_select.tokens" "tokens_select" "tokens_remove" "tokens.tokens" "tokens.corpus" "tokens" 
"qatd_cpp_tokens_select" "tokens_select.tokens" "tokens_select" "tokens_remove" "tokens.tokens" "tokens.corpus" "tokens" 
"rebuild_tokens" "tokens_select.tokens" "tokens_select" "tokens_remove" "tokens.tokens" "tokens.corpus" "tokens" 
"stri_trans_nfc" "index_types" "pattern2id" "pattern2list" "tokens_select.tokens" "tokens_select" "tokens_remove" "tokens.tokens" "tokens.corpus" "tokens" 
"stri_trans_nfc" "index_types" "pattern2id" "pattern2list" "tokens_select.tokens" "tokens_select" "tokens_remove" "tokens.tokens" "tokens.corpus" "tokens" 
"stri_detect_regex" "standardGeneric" "which" "search_regex" "standardGeneric" "as.list" "pattern2id" "pattern2list" "tokens_select.tokens" "tokens_select" "tokens_remove" "tokens.tokens" "tokens.corpus" "tokens" 
"stri_detect_regex" "standardGeneric" "which" "search_regex" "standardGeneric" "as.list" "pattern2id" "pattern2list" "tokens_select.tokens" "tokens_select" "tokens_remove" "tokens.tokens" "tokens.corpus" "tokens" 
"qatd_cpp_tokens_select" "tokens_select.tokens" "tokens_select" "tokens_remove" "tokens.tokens" "tokens.corpus" "tokens" 
"qatd_cpp_tokens_select" "tokens_select.tokens" "tokens_select" "tokens_remove" "tokens.tokens" "tokens.corpus" "tokens" 
"qatd_cpp_tokens_select" "tokens_select.tokens" "tokens_select" "tokens_remove" "tokens.tokens" "tokens.corpus" "tokens" 
"qatd_cpp_tokens_select" "tokens_select.tokens" "tokens_select" "tokens_remove" "tokens.tokens" "tokens.corpus" "tokens" 
"qatd_cpp_tokens_select" "tokens_select.tokens" "tokens_select" "tokens_remove" "tokens.tokens" "tokens.corpus" "tokens" 
"qatd_cpp_tokens_select" "tokens_select.tokens" "tokens_select" "tokens_remove" "tokens.tokens" "tokens.corpus" "tokens" 
"qatd_cpp_tokens_select" "tokens_select.tokens" "tokens_select" "tokens_remove" "tokens.tokens" "tokens.corpus" "tokens" 
"qatd_cpp_tokens_select" "tokens_select.tokens" "tokens_select" "tokens_remove" "tokens.tokens" "tokens.corpus" "tokens" 
"qatd_cpp_tokens_select" "tokens_select.tokens" "tokens_select" "tokens_remove" "tokens.tokens" "tokens.corpus" "tokens" 
"qatd_cpp_tokens_select" "tokens_select.tokens" "tokens_select" "tokens_remove" "tokens.tokens" "tokens.corpus" "tokens" 
"qatd_cpp_tokens_select" "tokens_select.tokens" "tokens_select" "tokens_remove" "tokens.tokens" "tokens.corpus" "tokens" 
"qatd_cpp_tokens_select" "tokens_select.tokens" "tokens_select" "tokens_remove" "tokens.tokens" "tokens.corpus" "tokens" 
"qatd_cpp_tokens_select" "tokens_select.tokens" "tokens_select" "tokens_remove" "tokens.tokens" "tokens.corpus" "tokens" 
"qatd_cpp_tokens_select" "tokens_select.tokens" "tokens_select" "tokens_remove" "tokens.tokens" "tokens.corpus" "tokens" 
"qatd_cpp_tokens_select" "tokens_select.tokens" "tokens_select" "tokens_remove" "tokens.tokens" "tokens.corpus" "tokens" 
"qatd_cpp_tokens_select" "tokens_select.tokens" "tokens_select" "tokens_remove" "tokens.tokens" "tokens.corpus" "tokens" 
"qatd_cpp_tokens_select" "tokens_select.tokens" "tokens_select" "tokens_remove" "tokens.tokens" "tokens.corpus" "tokens" 
"qatd_cpp_tokens_select" "tokens_select.tokens" "tokens_select" "tokens_remove" "tokens.tokens" "tokens.corpus" "tokens" 
"qatd_cpp_tokens_select" "tokens_select.tokens" "tokens_select" "tokens_remove" "tokens.tokens" "tokens.corpus" "tokens" 
"qatd_cpp_tokens_select" "tokens_select.tokens" "tokens_select" "tokens_remove" "tokens.tokens" "tokens.corpus" "tokens" 
"qatd_cpp_tokens_select" "tokens_select.tokens" "tokens_select" "tokens_remove" "tokens.tokens" "tokens.corpus" "tokens" 
"qatd_cpp_tokens_select" "tokens_select.tokens" "tokens_select" "tokens_remove" "tokens.tokens" "tokens.corpus" "tokens" 
"qatd_cpp_tokens_select" "tokens_select.tokens" "tokens_select" "tokens_remove" "tokens.tokens" "tokens.corpus" "tokens" 
"qatd_cpp_tokens_select" "tokens_select.tokens" "tokens_select" "tokens_remove" "tokens.tokens" "tokens.corpus" "tokens" 
"rebuild_tokens" "tokens_select.tokens" "tokens_select" "tokens_remove" "tokens.tokens" "tokens.corpus" "tokens" 
"FUN" "lapply" "pattern2id" "pattern2list" "tokens_select.tokens" "tokens_select" 
"stri_trans_nfc" "index_types" "pattern2id" "pattern2list" "tokens_select.tokens" "tokens_select" 
"stri_trans_nfc" "index_types" "pattern2id" "pattern2list" "tokens_select.tokens" "tokens_select" 
"stri_trans_nfc" "index_types" "pattern2id" "pattern2list" "tokens_select.tokens" "tokens_select" 
"stri_trans_nfc" "index_types" "pattern2id" "pattern2list" "tokens_select.tokens" "tokens_select" 
"stri_trans_nfc" "index_types" "pattern2id" "pattern2list" "tokens_select.tokens" "tokens_select" 
"stri_trans_nfc" "index_types" "pattern2id" "pattern2list" "tokens_select.tokens" "tokens_select" 
"stri_trans_nfc" "index_types" "pattern2id" "pattern2list" "tokens_select.tokens" "tokens_select" 
"stri_trans_tolower" "index_types" "pattern2id" "pattern2list" "tokens_select.tokens" "tokens_select" 
"stri_trans_tolower" "index_types" "pattern2id" "pattern2list" "tokens_select.tokens" "tokens_select" 
"unique.default" "unique" "factor" "split.default" "split" "index_types" "pattern2id" "pattern2list" "tokens_select.tokens" "tokens_select" 
"factor" "split.default" "split" "index_types" "pattern2id" "pattern2list" "tokens_select.tokens" "tokens_select" 
"fastmatch::fmatch" "search_index" "search_fixed" "standardGeneric" "as.list" "pattern2id" "pattern2list" "tokens_select.tokens" "tokens_select" 
"lengths" "pattern2id" "pattern2list" "tokens_select.tokens" "tokens_select" 
"qatd_cpp_tokens_select" "tokens_select.tokens" "tokens_select" 
"qatd_cpp_tokens_select" "tokens_select.tokens" "tokens_select" 
"qatd_cpp_tokens_select" "tokens_select.tokens" "tokens_select" 
"qatd_cpp_tokens_select" "tokens_select.tokens" "tokens_select" 
"qatd_cpp_tokens_select" "tokens_select.tokens" "tokens_select" 
"qatd_cpp_tokens_select" "tokens_select.tokens" "tokens_select" 
"qatd_cpp_tokens_select" "tokens_select.tokens" "tokens_select" 
"qatd_cpp_tokens_select" "tokens_select.tokens" "tokens_select" 
"qatd_cpp_tokens_select" "tokens_select.tokens" "tokens_select" 
"qatd_cpp_tokens_select" "tokens_select.tokens" "tokens_select" 
"qatd_cpp_tokens_select" "tokens_select.tokens" "tokens_select" 
"qatd_cpp_tokens_select" "tokens_select.tokens" "tokens_select" 
"qatd_cpp_tokens_select" "tokens_select.tokens" "tokens_select" 
"qatd_cpp_tokens_select" "tokens_select.tokens" "tokens_select" 
"qatd_cpp_tokens_select" "tokens_select.tokens" "tokens_select" 
"qatd_cpp_tokens_select" "tokens_select.tokens" "tokens_select" 
"qatd_cpp_tokens_select" "tokens_select.tokens" "tokens_select" 
"qatd_cpp_tokens_select" "tokens_select.tokens" "tokens_select" 
"qatd_cpp_tokens_select" "tokens_select.tokens" "tokens_select" 
"anyDuplicated.default" "anyDuplicated" "[.data.frame" "[" "select_docvars" "get_docvars.corpus" "get_docvars" "docnames.corpus" "docnames" "[.corpus" "[" "str.default" "str" "doTryCatch" "tryCatchOne" "tryCatchList" "tryCatch" "try" "eval" "eval" "withVisible" "evalVis" "capture.output" "doTryCatch" "tryCatchOne" "tryCatchList" "tryCatch" ".rs.withTimeLimit" ".rs.valueFromStr" "doTryCatch" "tryCatchOne" "tryCatchList" "tryCatch" ".rs.valueDescription" "<Anonymous>" 
"strtrim" "maybe_truncate" "str.default" "str" "doTryCatch" "tryCatchOne" "tryCatchList" "tryCatch" "try" "eval" "eval" "withVisible" "evalVis" "capture.output" "doTryCatch" "tryCatchOne" "tryCatchList" "tryCatch" ".rs.withTimeLimit" ".rs.valueFromStr" "doTryCatch" "tryCatchOne" "tryCatchList" "tryCatch" ".rs.valueDescription" "<Anonymous>" 
"structure" "object.size" "<Anonymous>" 
"structure" "object.size" "<Anonymous>" 
"structure" "object.size" "<Anonymous>" 
"structure" "object.size" "<Anonymous>" 
"structure" "object.size" "<Anonymous>" 
"structure" "object.size" "<Anonymous>" 
